2025-06-14 00:50:47.068 [main] INFO  org.lskar.librarysystem.LibrarySystemApplication-Starting LibrarySystemApplication using Java 23.0.1 with PID 29072 (D:\java\library-systems\target\classes started by lin'jia'wei in D:\java\library-systems)
2025-06-14 00:50:47.069 [main] INFO  org.lskar.librarysystem.LibrarySystemApplication-No active profile set, falling back to 1 default profile: "default"
2025-06-14 00:50:47.737 [main] INFO  o.s.boot.web.embedded.tomcat.TomcatWebServer-Tomcat initialized with port 8080 (http)
2025-06-14 00:50:47.747 [main] INFO  org.apache.coyote.http11.Http11NioProtocol-Initializing ProtocolHandler ["http-nio-8080"]
2025-06-14 00:50:47.748 [main] INFO  org.apache.catalina.core.StandardService-Starting service [Tomcat]
2025-06-14 00:50:47.748 [main] INFO  org.apache.catalina.core.StandardEngine-Starting Servlet engine: [Apache Tomcat/10.1.41]
2025-06-14 00:50:47.792 [main] INFO  o.a.c.core.ContainerBase.[Tomcat].[localhost].[/]-Initializing Spring embedded WebApplicationContext
2025-06-14 00:50:47.792 [main] INFO  o.s.b.w.s.c.ServletWebServerApplicationContext-Root WebApplicationContext: initialization completed in 691 ms
2025-06-14 00:50:48.043 [main] INFO  o.s.v.beanvalidation.OptionalValidatorFactoryBean-Failed to set up a Bean Validation provider: jakarta.validation.NoProviderFoundException: Unable to create a Configuration, because no Jakarta Bean Validation provider could be found. Add a provider like Hibernate Validator (RI) to your classpath.
2025-06-14 00:50:48.279 [main] INFO  org.apache.coyote.http11.Http11NioProtocol-Starting ProtocolHandler ["http-nio-8080"]
2025-06-14 00:50:48.292 [main] INFO  o.s.boot.web.embedded.tomcat.TomcatWebServer-Tomcat started on port 8080 (http) with context path '/'
2025-06-14 00:50:48.297 [main] INFO  org.lskar.librarysystem.LibrarySystemApplication-Started LibrarySystemApplication in 1.51 seconds (process running for 2.184)
2025-06-14 00:50:52.302 [SpringApplicationShutdownHook] INFO  o.s.boot.web.embedded.tomcat.GracefulShutdown-Commencing graceful shutdown. Waiting for active requests to complete
2025-06-14 00:50:52.321 [tomcat-shutdown] INFO  o.s.boot.web.embedded.tomcat.GracefulShutdown-Graceful shutdown complete
2025-06-14 00:50:52.323 [SpringApplicationShutdownHook] INFO  com.alibaba.druid.pool.DruidDataSource-{dataSource-0} closing ...
2025-06-14 11:26:48.173 [main] INFO  org.lskar.librarysystem.LibrarySystemApplication-Starting LibrarySystemApplication using Java 23.0.1 with PID 18548 (D:\java\library-systems\target\classes started by lin'jia'wei in D:\java\library-systems)
2025-06-14 11:26:48.174 [main] INFO  org.lskar.librarysystem.LibrarySystemApplication-No active profile set, falling back to 1 default profile: "default"
2025-06-14 11:26:48.832 [main] INFO  o.s.boot.web.embedded.tomcat.TomcatWebServer-Tomcat initialized with port 8080 (http)
2025-06-14 11:26:48.841 [main] INFO  org.apache.coyote.http11.Http11NioProtocol-Initializing ProtocolHandler ["http-nio-8080"]
2025-06-14 11:26:48.844 [main] INFO  org.apache.catalina.core.StandardService-Starting service [Tomcat]
2025-06-14 11:26:48.844 [main] INFO  org.apache.catalina.core.StandardEngine-Starting Servlet engine: [Apache Tomcat/10.1.41]
2025-06-14 11:26:48.881 [main] INFO  o.a.c.core.ContainerBase.[Tomcat].[localhost].[/]-Initializing Spring embedded WebApplicationContext
2025-06-14 11:26:48.881 [main] INFO  o.s.b.w.s.c.ServletWebServerApplicationContext-Root WebApplicationContext: initialization completed in 670 ms
2025-06-14 11:26:49.135 [main] INFO  o.s.v.beanvalidation.OptionalValidatorFactoryBean-Failed to set up a Bean Validation provider: jakarta.validation.NoProviderFoundException: Unable to create a Configuration, because no Jakarta Bean Validation provider could be found. Add a provider like Hibernate Validator (RI) to your classpath.
2025-06-14 11:26:49.363 [main] INFO  org.apache.coyote.http11.Http11NioProtocol-Starting ProtocolHandler ["http-nio-8080"]
2025-06-14 11:26:49.375 [main] INFO  o.s.boot.web.embedded.tomcat.TomcatWebServer-Tomcat started on port 8080 (http) with context path '/'
2025-06-14 11:26:49.381 [main] INFO  org.lskar.librarysystem.LibrarySystemApplication-Started LibrarySystemApplication in 1.463 seconds (process running for 2.047)
2025-06-14 11:26:53.485 [SpringApplicationShutdownHook] INFO  o.s.boot.web.embedded.tomcat.GracefulShutdown-Commencing graceful shutdown. Waiting for active requests to complete
2025-06-14 11:26:53.505 [tomcat-shutdown] INFO  o.s.boot.web.embedded.tomcat.GracefulShutdown-Graceful shutdown complete
2025-06-14 11:26:53.509 [SpringApplicationShutdownHook] INFO  com.alibaba.druid.pool.DruidDataSource-{dataSource-0} closing ...
